<?xml version="1.0" encoding="UTF-8"?>
<testng-results skipped="0" failed="0" ignored="0" total="3" passed="3">
  <reporter-output>
  </reporter-output>
  <suite name="Suite" duration-ms="10002" started-at="2021-12-07T07:24:41Z" finished-at="2021-12-07T07:24:51Z">
    <groups>
    </groups>
    <test name="Test" duration-ms="10002" started-at="2021-12-07T07:24:41Z" finished-at="2021-12-07T07:24:51Z">
      <class name="test.FirstProgram">
        <test-method status="PASS" signature="method1()[pri:0, instance:test.FirstProgram@14acaea5]" name="method1" duration-ms="9964" started-at="2021-12-07T12:54:41Z" finished-at="2021-12-07T12:54:51Z">
          <reporter-output>
          </reporter-output>
        </test-method> <!-- method1 -->
        <test-method status="PASS" signature="method2()[pri:0, instance:test.FirstProgram@14acaea5]" name="method2" duration-ms="2" started-at="2021-12-07T12:54:51Z" finished-at="2021-12-07T12:54:51Z">
          <reporter-output>
          </reporter-output>
        </test-method> <!-- method2 -->
        <test-method status="PASS" signature="show()[pri:0, instance:test.FirstProgram@14acaea5]" name="show" duration-ms="1" started-at="2021-12-07T12:54:51Z" finished-at="2021-12-07T12:54:51Z">
          <reporter-output>
          </reporter-output>
        </test-method> <!-- show -->
      </class> <!-- test.FirstProgram -->
    </test> <!-- Test -->
  </suite> <!-- Suite -->
</testng-results>
